<?xml version="1.0" encoding="UTF-8"?>
<!-- Generated by org.testng.reporters.JUnitReportReporter -->
<testsuite hostname="LAPTOP-4TQR0IMD" failures="0" tests="1" name="test.ValidateUserName1" time="5.785" errors="0" timestamp="2023-07-02T12:02:04 IST" skipped="0">
  <testcase classname="test.ValidateUserName1" name="verifyUserName" time="5.785">
    <system-out>
      <![CDATA[This method verifyUserName execution is started
Tc verifyUserName is running successfully]]>
    </system-out>
  </testcase> <!-- verifyUserName -->
  <system-out>
    <![CDATA[This method verifyUserName execution is started
Tc verifyUserName is running successfully]]>
  </system-out>
</testsuite> <!-- test.ValidateUserName1 -->
